The time queried was 2023-11-12 23:37:52.617467
The successfulQueries list is: ['Maasai Mara', 'Amboseli National Park', 'Tsavo East National Park', 'Tsavo West National Park', 'Lake Nakuru National Park', 'Samburu National Reserve', 'Mount Kenya National Park', 'Aberdare National Park', 'Lake Turkana', 'Lamu Island', 'Nairobi National Park', "Hell's Gate National Park", 'Lake Victoria', 'Giraffe Centre', 'Mombasa Old Town', 'Karen Blixen Museum', 'Nairobi National Museum', 'The Great Rift Valley']
The unsucessfulArticleLoading list is: ['Malindi and Watamu', 'Sheldrick Elephant Orphanage', 'Maasai Villages']
The unsucessfulImageLoading list is: []


The time queried was 2023-11-13 00:07:32.771600
The successfulQueries list is: ['Maasai Mara', 'Amboseli National Park', 'Tsavo East National Park', 'Tsavo West National Park', 'Lake Nakuru National Park', 'Samburu National Reserve', 'Mount Kenya National Park', 'Aberdare National Park', 'Lake Turkana', 'Lamu Island', 'Nairobi National Park', "Hell's Gate National Park", 'Lake Victoria', 'Giraffe Centre', 'Mombasa Old Town', 'Karen Blixen Museum', 'Nairobi National Museum', 'The Great Rift Valley']
The unsucessfulArticleLoading list is: ['Malindi and Watamu', 'Sheldrick Elephant Orphanage', 'Maasai Villages']
The unsucessfulImageLoading list is: []


The time queried was 2023-11-13 21:25:33.641426
The successfulQueries list is: ['Maasai Mara', 'Amboseli National Park', 'Tsavo East National Park', 'Tsavo West National Park', 'Lake Nakuru National Park', 'Samburu National Reserve', 'Mount Kenya National Park', 'Aberdare National Park', 'Lake Turkana', 'Lamu Island', 'Nairobi National Park', "Hell's Gate National Park", 'Lake Victoria', 'Giraffe Centre', 'Mombasa Old Town', 'Karen Blixen Museum', 'Nairobi National Museum', 'The Great Rift Valley']
The unsucessfulArticleLoading list is: ['Malindi and Watamu', 'Sheldrick Elephant Orphanage', 'Maasai Villages']
The unsucessfulImageLoading list is: []


The time queried was 2023-11-17 17:16:53.473762
The successfulQueries list is: ['Maasai Mara', 'Amboseli National Park', 'Tsavo East National Park', 'Tsavo West National Park', 'Lake Nakuru National Park', 'Samburu National Reserve', 'Mount Kenya National Park', 'Aberdare National Park', 'Lake Turkana', 'Lamu Island', 'Nairobi National Park', "Hell's Gate National Park", 'Lake Victoria', 'Giraffe Centre', 'Mombasa Old Town', 'Karen Blixen Museum', 'Nairobi National Museum', 'The Great Rift Valley']
The unsucessfulArticleLoading list is: ['Malindi and Watamu', 'Sheldrick Elephant Orphanage', 'Maasai Villages']
The unsucessfulImageLoading list is: []


The time queried was 2023-11-18 19:40:14.832669
The successfulQueries list is: ['Maasai Mara', 'Amboseli National Park', 'Tsavo East National Park', 'Tsavo West National Park', 'Lake Nakuru National Park', 'Samburu National Reserve', 'Mount Kenya National Park', 'Aberdare National Park', 'Lake Turkana', 'Lamu Island', 'Nairobi National Park', "Hell's Gate National Park", 'Lake Victoria', 'Giraffe Centre', 'Mombasa Old Town', 'Karen Blixen Museum', 'Nairobi National Museum', 'The Great Rift Valley']
The unsucessfulArticleLoading list is: ['Malindi and Watamu', 'Sheldrick Elephant Orphanage']
The unsucessfulImageLoading list is: []


